<?xml version="1.0" encoding="UTF-8"?>
<!-- Generated by org.testng.reporters.JUnitReportReporter -->
<testsuite hostname="Pooja" failures="0" tests="2" name="testng.Sample" time="0.010" errors="0" timestamp="2025-09-08T14:53:12 IST" skipped="0">
  <testcase classname="testng.Sample" name="script1" time="0.001">
    <system-out>
      <![CDATA[testscript1 done]]>
    </system-out>
  </testcase> <!-- script1 -->
  <testcase classname="testng.Sample" name="script" time="0.009">
    <system-out>
      <![CDATA[testscript done]]>
    </system-out>
  </testcase> <!-- script -->
  <system-out>
    <![CDATA[db connection
launching browser
login
testscript done
logout
login
testscript1 done
logout
closing browser
db close]]>
  </system-out>
</testsuite> <!-- testng.Sample -->
