<?xml version="1.0" encoding="UTF-8"?>
<!-- Generated by org.testng.reporters.JUnitReportReporter -->
<testsuite hostname="Pooja" failures="0" tests="5" name="testng.Program1" time="0.023" errors="0" timestamp="2025-09-04T14:54:09 IST" skipped="0">
  <testcase classname="testng.Program1" name="blinkit" time="0.001">
    <system-out>
      <![CDATA[hello blinkit]]>
    </system-out>
  </testcase> <!-- blinkit -->
  <testcase classname="testng.Program1" name="meesho" time="0.002">
    <system-out>
      <![CDATA[hello meesho]]>
    </system-out>
  </testcase> <!-- meesho -->
  <testcase classname="testng.Program1" name="flipkart" time="0.005">
    <system-out>
      <![CDATA[hello flipkart]]>
    </system-out>
  </testcase> <!-- flipkart -->
  <testcase classname="testng.Program1" name="amazon1" time="0.003">
    <system-out>
      <![CDATA[hello amazon1]]>
    </system-out>
  </testcase> <!-- amazon1 -->
  <testcase classname="testng.Program1" name="amazon" time="0.012">
    <system-out>
      <![CDATA[hello amazon]]>
    </system-out>
  </testcase> <!-- amazon -->
  <system-out>
    <![CDATA[hello amazon
hello amazon1
hello blinkit
hello flipkart
hello meesho]]>
  </system-out>
</testsuite> <!-- testng.Program1 -->
