<?xml version="1.0" encoding="UTF-8"?>
<!-- Generated by org.testng.reporters.JUnitReportReporter -->
<testsuite hostname="DESKTOP-NR8INDT" failures="0" tests="4" name="campaign.CampaignTest" time="3.335" errors="1" timestamp="2025-09-16T18:19:19 IST" skipped="3">
  <testcase classname="campaign.CampaignTest" name="CreateCampaignTest" time="0.000">
    <skipped/>
  </testcase> <!-- CreateCampaignTest -->
  <system-out/>
  <testcase classname="campaign.CampaignTest" name="CreateCampaignWithStatusTest" time="0.000">
    <skipped/>
  </testcase> <!-- CreateCampaignWithStatusTest -->
  <system-out/>
  <testcase classname="campaign.CampaignTest" name="CreateCampaignWithExpectedDateTest" time="0.000">
    <skipped/>
  </testcase> <!-- CreateCampaignWithExpectedDateTest -->
  <system-out/>
  <testcase classname="campaign.CampaignTest" name="beforeClass" time="3.335">
    <error message="io.github.bonigarcia.wdm.config.WebDriverManagerException: java.lang.IllegalArgumentException: URI is not absolute" type="io.github.bonigarcia.wdm.config.WebDriverManagerException">
      <![CDATA[io.github.bonigarcia.wdm.config.WebDriverManagerException: io.github.bonigarcia.wdm.config.WebDriverManagerException: java.lang.IllegalArgumentException: URI is not absolute
at io.github.bonigarcia.wdm.WebDriverManager.handleException(WebDriverManager.java:1465)
at io.github.bonigarcia.wdm.WebDriverManager.manage(WebDriverManager.java:1228)
at io.github.bonigarcia.wdm.WebDriverManager.fallback(WebDriverManager.java:1481)
at io.github.bonigarcia.wdm.WebDriverManager.handleException(WebDriverManager.java:1459)
at io.github.bonigarcia.wdm.WebDriverManager.manage(WebDriverManager.java:1228)
at io.github.bonigarcia.wdm.WebDriverManager.setup(WebDriverManager.java:429)
at configuration.Baseclass.beforeClass(Baseclass.java:53)
at java.base/jdk.internal.reflect.DirectMethodHandleAccessor.invoke(DirectMethodHandleAccessor.java:103)
at java.base/java.lang.reflect.Method.invoke(Method.java:580)
at org.testng.internal.MethodInvocationHelper.invokeMethod(MethodInvocationHelper.java:133)
at org.testng.internal.MethodInvocationHelper.invokeMethodConsideringTimeout(MethodInvocationHelper.java:62)
at org.testng.internal.ConfigInvoker.invokeConfigurationMethod(ConfigInvoker.java:385)
at org.testng.internal.ConfigInvoker.invokeConfigurations(ConfigInvoker.java:321)
at org.testng.internal.TestMethodWorker.invokeBeforeClassMethods(TestMethodWorker.java:176)
at org.testng.internal.TestMethodWorker.run(TestMethodWorker.java:122)
at java.base/java.util.ArrayList.forEach(ArrayList.java:1597)
at org.testng.TestRunner.privateRun(TestRunner.java:794)
at org.testng.TestRunner.run(TestRunner.java:596)
at org.testng.SuiteRunner.runTest(SuiteRunner.java:377)
at org.testng.SuiteRunner.runSequentially(SuiteRunner.java:371)
at org.testng.SuiteRunner.privateRun(SuiteRunner.java:332)
at org.testng.SuiteRunner.run(SuiteRunner.java:276)
at org.testng.SuiteRunnerWorker.runSuite(SuiteRunnerWorker.java:53)
at org.testng.SuiteRunnerWorker.run(SuiteRunnerWorker.java:96)
at org.testng.TestNG.runSuitesSequentially(TestNG.java:1212)
at org.testng.TestNG.runSuitesLocally(TestNG.java:1134)
at org.testng.TestNG.runSuites(TestNG.java:1063)
at org.testng.TestNG.run(TestNG.java:1031)
at org.testng.remote.AbstractRemoteTestNG.run(AbstractRemoteTestNG.java:115)
at org.testng.remote.RemoteTestNG.initAndRun(RemoteTestNG.java:293)
at org.testng.remote.RemoteTestNG.main(RemoteTestNG.java:91)
Caused by: io.github.bonigarcia.wdm.config.WebDriverManagerException: java.lang.IllegalArgumentException: URI is not absolute
at io.github.bonigarcia.wdm.managers.EdgeDriverManager.getDriversFromXml(EdgeDriverManager.java:308)
at io.github.bonigarcia.wdm.managers.EdgeDriverManager.getDriverUrls(EdgeDriverManager.java:138)
at io.github.bonigarcia.wdm.WebDriverManager.createUrlHandler(WebDriverManager.java:1486)
at io.github.bonigarcia.wdm.WebDriverManager.download(WebDriverManager.java:1316)
at io.github.bonigarcia.wdm.WebDriverManager.manage(WebDriverManager.java:1222)
... 29 more
Caused by: java.lang.IllegalArgumentException: URI is not absolute
at java.base/java.net.URL.of(URL.java:862)
at java.base/java.net.URI.toURL(URI.java:1172)
at io.github.bonigarcia.wdm.managers.EdgeDriverManager.getDriversFromXml(EdgeDriverManager.java:300)
... 33 more
]]>
    </error>
  </testcase> <!-- beforeClass -->
  <system-out/>
</testsuite> <!-- campaign.CampaignTest -->
