<?xml version="1.0" encoding="UTF-8"?>
<!-- Generated by org.testng.reporters.JUnitReportReporter -->
<testsuite hostname="Pooja" failures="0" tests="2" name="testng.Flipkart" time="15.220" errors="0" timestamp="2025-09-08T13:11:11 IST" skipped="0">
  <testcase classname="testng.Flipkart" name="Flipkartsample" time="5.085"/>
  <testcase classname="testng.Flipkart" name="Flipkartsample" time="10.135"/>
</testsuite> <!-- testng.Flipkart -->
