<?xml version="1.0" encoding="UTF-8"?>
<!-- Generated by org.testng.reporters.JUnitReportReporter -->
<testsuite hostname="Pooja" failures="0" tests="3" name="testng.Program2" time="0.016" errors="0" timestamp="2025-09-04T15:10:46 IST" skipped="0">
  <testcase classname="testng.Program2" name="updatecampaign" time="0.001">
    <system-out>
      <![CDATA[Campaign updated]]>
    </system-out>
  </testcase> <!-- updatecampaign -->
  <testcase classname="testng.Program2" name="createCampaign" time="0.013">
    <system-out>
      <![CDATA[Campaign created]]>
    </system-out>
  </testcase> <!-- createCampaign -->
  <testcase classname="testng.Program2" name="deletecampaign" time="0.002">
    <system-out>
      <![CDATA[Campaign deleted]]>
    </system-out>
  </testcase> <!-- deletecampaign -->
  <system-out>
    <![CDATA[Campaign created
Campaign deleted
Campaign updated]]>
  </system-out>
</testsuite> <!-- testng.Program2 -->
