<?xml version="1.0" encoding="UTF-8"?>
<!-- Generated by org.testng.reporters.JUnitReportReporter -->
<testsuite hostname="Pooja" failures="0" tests="3" name="testng.Dataprovider1" time="0.019" errors="0" timestamp="2025-09-05T15:00:46 IST" skipped="0">
  <testcase classname="testng.Dataprovider1" name="login" time="0.001"/>
  <testcase classname="testng.Dataprovider1" name="login" time="0.001"/>
  <testcase classname="testng.Dataprovider1" name="login" time="0.017"/>
</testsuite> <!-- testng.Dataprovider1 -->
