<?xml version="1.0" encoding="UTF-8"?>
<!-- Generated by org.testng.reporters.JUnitReportReporter -->
<testsuite hostname="Pooja" failures="0" tests="1" name="testng.SoftAssertion" time="3.329" errors="0" timestamp="2025-09-11T15:24:23 IST" skipped="0">
  <testcase classname="testng.SoftAssertion" name="sample" time="3.329"/>
</testsuite> <!-- testng.SoftAssertion -->
