<?xml version="1.0" encoding="UTF-8"?>
<!-- Generated by org.testng.reporters.JUnitReportReporter -->
<testsuite hostname="DESKTOP-NR8INDT" failures="0" tests="1" name="testng.WithoutUsingAssertion" time="10.961" errors="0" timestamp="2025-09-12T14:32:39 IST" skipped="0">
  <testcase classname="testng.WithoutUsingAssertion" name="sample" time="10.961"/>
  <system-out/>
</testsuite> <!-- testng.WithoutUsingAssertion -->
