<?xml version="1.0" encoding="UTF-8"?>
<!-- Generated by org.testng.reporters.JUnitReportReporter -->
<testsuite hostname="Pooja" failures="0" tests="3" name="testng.Enabled" time="0.013" errors="0" timestamp="2025-09-04T15:55:05 IST" skipped="1">
  <testcase classname="testng.Enabled" name="amazon1" time="0.012">
    <system-out>
      <![CDATA[hello amazon1]]>
    </system-out>
  </testcase> <!-- amazon1 -->
  <testcase classname="testng.Enabled" name="blinkit" time="0.001">
    <system-out>
      <![CDATA[hello blinkit]]>
    </system-out>
  </testcase> <!-- blinkit -->
  <testcase classname="testng.Enabled" name="amazon">
    <skipped/>
  </testcase> <!-- amazon -->
  <system-out>
    <![CDATA[hello amazon1
hello blinkit]]>
  </system-out>
</testsuite> <!-- testng.Enabled -->
