<?xml version="1.0" encoding="UTF-8"?>
<!-- Generated by org.testng.reporters.JUnitReportReporter -->
<testsuite hostname="Pooja" failures="0" tests="1" name="product.CreateProductTest" time="6.985" errors="0" timestamp="2025-09-11T15:51:43 IST" skipped="0">
  <testcase classname="product.CreateProductTest" name="createproductwithmandatory" time="6.985"/>
  <system-out>
    <![CDATA[db connection
db close]]>
  </system-out>
</testsuite> <!-- product.CreateProductTest -->
