<?xml version="1.0" encoding="UTF-8"?>
<!-- Generated by org.testng.reporters.JUnitReportReporter -->
<testsuite hostname="Pooja" failures="0" tests="3" name="testng.Priority" time="0.014" errors="0" timestamp="2025-09-04T15:27:20 IST" skipped="0">
  <testcase classname="testng.Priority" name="createCampaign" time="0.012">
    <system-out>
      <![CDATA[Campaign created]]>
    </system-out>
  </testcase> <!-- createCampaign -->
  <testcase classname="testng.Priority" name="updatecampaign" time="0.001">
    <system-out>
      <![CDATA[Campaign updated]]>
    </system-out>
  </testcase> <!-- updatecampaign -->
  <testcase classname="testng.Priority" name="deletecampaign" time="0.001">
    <system-out>
      <![CDATA[Campaign deleted]]>
    </system-out>
  </testcase> <!-- deletecampaign -->
  <system-out>
    <![CDATA[Campaign created
Campaign updated
Campaign deleted]]>
  </system-out>
</testsuite> <!-- testng.Priority -->
