<?xml version="1.0" encoding="UTF-8"?>
<!-- Generated by org.testng.reporters.JUnitReportReporter -->
<testsuite hostname="Pooja" failures="0" tests="3" name="testng.DependsOn" time="0.016" errors="0" timestamp="2025-09-05T14:21:34 IST" skipped="0">
  <testcase classname="testng.DependsOn" name="updateaccount" time="0.003">
    <system-out>
      <![CDATA[account is updated]]>
    </system-out>
  </testcase> <!-- updateaccount -->
  <testcase classname="testng.DependsOn" name="deleteaccount" time="0.002">
    <system-out>
      <![CDATA[account is deleted]]>
    </system-out>
  </testcase> <!-- deleteaccount -->
  <testcase classname="testng.DependsOn" name="createaccount" time="0.011">
    <system-out>
      <![CDATA[account is created]]>
    </system-out>
  </testcase> <!-- createaccount -->
  <system-out>
    <![CDATA[account is created
account is updated
account is deleted]]>
  </system-out>
</testsuite> <!-- testng.DependsOn -->
