<?xml version="1.0" encoding="UTF-8"?>
<!-- Generated by org.testng.reporters.JUnitReportReporter -->
<testsuite hostname="DESKTOP-NR8INDT" failures="0" tests="1" name="testng.screenshot" time="7.280" errors="0" timestamp="2025-09-12T15:45:25 IST" skipped="0">
  <testcase classname="testng.screenshot" name="takess" time="7.280"/>
  <system-out/>
</testsuite> <!-- testng.screenshot -->
