<?xml version="1.0" encoding="UTF-8"?>
<!-- Generated by org.testng.reporters.JUnitReportReporter -->
<testsuite hostname="Pooja" failures="0" tests="10" name="testng.Threadpoolsize" time="45.783" errors="0" timestamp="2025-09-04T15:45:44 IST" skipped="0">
  <testcase classname="testng.Threadpoolsize" name="sample" time="4.692">
    <system-out>
      <![CDATA[login done]]>
    </system-out>
  </testcase> <!-- sample -->
  <testcase classname="testng.Threadpoolsize" name="sample" time="4.827">
    <system-out>
      <![CDATA[login done]]>
    </system-out>
  </testcase> <!-- sample -->
  <testcase classname="testng.Threadpoolsize" name="sample" time="4.852">
    <system-out>
      <![CDATA[login done]]>
    </system-out>
  </testcase> <!-- sample -->
  <testcase classname="testng.Threadpoolsize" name="sample" time="5.199">
    <system-out>
      <![CDATA[login done]]>
    </system-out>
  </testcase> <!-- sample -->
  <testcase classname="testng.Threadpoolsize" name="sample" time="4.913">
    <system-out>
      <![CDATA[login done]]>
    </system-out>
  </testcase> <!-- sample -->
  <testcase classname="testng.Threadpoolsize" name="sample" time="4.995">
    <system-out>
      <![CDATA[login done]]>
    </system-out>
  </testcase> <!-- sample -->
  <testcase classname="testng.Threadpoolsize" name="sample" time="3.156">
    <system-out>
      <![CDATA[login done]]>
    </system-out>
  </testcase> <!-- sample -->
  <testcase classname="testng.Threadpoolsize" name="sample" time="5.040">
    <system-out>
      <![CDATA[login done]]>
    </system-out>
  </testcase> <!-- sample -->
  <testcase classname="testng.Threadpoolsize" name="sample" time="3.115">
    <system-out>
      <![CDATA[login done]]>
    </system-out>
  </testcase> <!-- sample -->
  <testcase classname="testng.Threadpoolsize" name="sample" time="4.994">
    <system-out>
      <![CDATA[login done]]>
    </system-out>
  </testcase> <!-- sample -->
  <system-out>
    <![CDATA[login done
login done
login done
login done
login done
login done
login done
login done
login done
login done]]>
  </system-out>
</testsuite> <!-- testng.Threadpoolsize -->
