<?xml version="1.0" encoding="UTF-8"?>
<!-- Generated by org.testng.reporters.JUnitReportReporter -->
<testsuite hostname="Pooja" failures="0" tests="2" name="testng.flip" time="9.474" errors="0" timestamp="2025-09-08T13:29:28 IST" skipped="0">
  <testcase classname="testng.flip" name="getproduct" time="4.398"/>
  <testcase classname="testng.flip" name="getproduct" time="5.076"/>
</testsuite> <!-- testng.flip -->
