<?xml version="1.0" encoding="UTF-8"?>
<!-- Generated by org.testng.reporters.JUnitReportReporter -->
<testsuite hostname="Pooja" failures="0" tests="1" name="campaign.sample1" time="0.010" errors="0" timestamp="2025-09-09T14:55:14 IST" skipped="0">
  <testcase classname="campaign.sample1" name="programTest" time="0.010"/>
  <system-out>
    <![CDATA[db connection
db close]]>
  </system-out>
</testsuite> <!-- campaign.sample1 -->
