<?xml version="1.0" encoding="UTF-8"?>
<!-- Generated by org.testng.reporters.JUnitReportReporter -->
<testsuite hostname="Pooja" failures="0" tests="2" name="testng.Dataprovider2" time="6.606" errors="0" timestamp="2025-09-05T15:26:55 IST" skipped="0">
  <testcase classname="testng.Dataprovider2" name="login" time="3.831"/>
  <testcase classname="testng.Dataprovider2" name="login" time="2.775"/>
</testsuite> <!-- testng.Dataprovider2 -->
