<?xml version="1.0" encoding="UTF-8"?>
<!-- Generated by org.testng.reporters.JUnitReportReporter -->
<testsuite hostname="Pooja" failures="0" tests="5" name="testng.InvocationCount" time="16.722" errors="0" timestamp="2025-09-04T15:32:00 IST" skipped="0">
  <testcase classname="testng.InvocationCount" name="sample" time="2.800">
    <system-out>
      <![CDATA[login done]]>
    </system-out>
  </testcase> <!-- sample -->
  <testcase classname="testng.InvocationCount" name="sample" time="2.579">
    <system-out>
      <![CDATA[login done]]>
    </system-out>
  </testcase> <!-- sample -->
  <testcase classname="testng.InvocationCount" name="sample" time="2.512">
    <system-out>
      <![CDATA[login done]]>
    </system-out>
  </testcase> <!-- sample -->
  <testcase classname="testng.InvocationCount" name="sample" time="6.379">
    <system-out>
      <![CDATA[login done]]>
    </system-out>
  </testcase> <!-- sample -->
  <testcase classname="testng.InvocationCount" name="sample" time="2.452">
    <system-out>
      <![CDATA[login done]]>
    </system-out>
  </testcase> <!-- sample -->
  <system-out>
    <![CDATA[login done
login done
login done
login done
login done]]>
  </system-out>
</testsuite> <!-- testng.InvocationCount -->
